<?xml version="1.0" encoding="UTF-8"?>
<!-- Generated by org.testng.reporters.JUnitXMLReporter -->
<testsuite hostname="DESKTOP-J5FF4DJ" ignored="0" name="Regression" tests="6" failures="0" timestamp="2022-05-01T12:14:10 CDT" time="31.687" errors="0">
  <testcase name="TC2_PT_26_moreCharacter_nonPangram" time="9.043" classname="PangramPackageTestNG.PT_26_moreCharacter_nonPangram"/>
  <testcase name="TC3_PT_26_moreCharacter_Pangram" time="4.87" classname="PangramPackageTestNG.PT_26_moreCharacter_Pangram"/>
  <testcase name="TC5_PT_ClickOn_X_Sign" time="4.516" classname="PangramPackageTestNG.PT_ClickOn_X_Sign"/>
  <testcase name="TC1_PT_SiteSecurityTest" time="3.476" classname="PangramPackageTestNG.PT_SiteSecurityTest"/>
  <testcase name="TC6_PT_Submit_WithoutText" time="4.24" classname="PangramPackageTestNG.PT_Submit_WithoutText"/>
  <testcase name="TC4_PT_TryAgain" time="5.48" classname="PangramPackageTestNG.PT_TryAgain"/>
</testsuite> <!-- Regression -->
