<?xml version="1.0" encoding="UTF-8"?>
<!-- Generated by org.testng.reporters.JUnitXMLReporter -->
<testsuite hostname="DESKTOP-J5FF4DJ" ignored="0" name="Sanity" tests="6" failures="0" timestamp="2022-05-01T12:14:39 CDT" time="29.011" errors="0">
  <testcase name="TC1_PT_SiteSecurityTest" time="3.941" classname="PangramPackageTestNG.PanagramTesting"/>
  <testcase name="TC2_PT_26_moreCharacter_nonPangram" time="4.754" classname="PangramPackageTestNG.PanagramTesting"/>
  <testcase name="TC3_PT_26_moreCharacter_Pangram" time="5.092" classname="PangramPackageTestNG.PanagramTesting"/>
  <testcase name="TC4_PT_TryAgain" time="5.525" classname="PangramPackageTestNG.PanagramTesting"/>
  <testcase name="TC5_PT_ClickOn_X_Sign" time="5.003" classname="PangramPackageTestNG.PanagramTesting"/>
  <testcase name="TC6_PT_Submit_WithoutText" time="4.684" classname="PangramPackageTestNG.PanagramTesting"/>
</testsuite> <!-- Sanity -->
